<?xml version="1.0" encoding="UTF-8"?>
<!-- Generated by org.testng.reporters.JUnitReportReporter -->
<testsuite hostname="LAPTOP-HH42PB7Q" failures="0" tests="1" name="testdemo" time="5.019" errors="0" timestamp="2024-06-27T22:02:23 IST" skipped="0">
  <testcase classname="testdemo" name="launchapp" time="5.019"/>
</testsuite> <!-- testdemo -->
